  ConsoleApplication1.cpp
C:\Users\Alex\Desktop\Home-works-\Different_moments\Dz-4\HW-4\ConsoleApplication1\ConsoleApplication1.cpp(32,15): warning C4244: аргумент: преобразование "time_t" в "unsigned int", возможна потеря данных
C:\Users\Alex\Desktop\Home-works-\Different_moments\Dz-4\HW-4\ConsoleApplication1\ConsoleApplication1.cpp(57,23): warning C4244: =: преобразование "_Ty" в "float", возможна потеря данных
          with
          [
              _Ty=double
          ]
C:\Program Files (x86)\Microsoft Visual Studio\2019\Community\VC\Tools\MSVC\14.29.30133\include\numeric(35,27): warning C4244: аргумент: преобразование "_Ty" в "float", возможна потеря данных
          with
          [
              _Ty=double
          ]
C:\Users\Alex\Desktop\Home-works-\Different_moments\Dz-4\HW-4\ConsoleApplication1\ConsoleApplication1.cpp(57): message : выполняется компиляция ссылки на экземпляр шаблон функции "_Ty std::accumulate<std::_Vector_iterator<std::_Vector_val<std::_Simple_types<float>>>,double,main::<lambda_b9c9a6a7462c678b994c299fcb89302a>>(const _InIt,const _InIt,_Ty,_Fn)"
          with
          [
              _Ty=double,
              _InIt=std::_Vector_iterator<std::_Vector_val<std::_Simple_types<float>>>,
              _Fn=main::<lambda_b9c9a6a7462c678b994c299fcb89302a>
          ]
C:\Program Files (x86)\Microsoft Visual Studio\2019\Community\VC\Tools\MSVC\14.29.30133\include\xutility(4198,18): warning C4244: аргумент: преобразование "float" в "int", возможна потеря данных
C:\Program Files (x86)\Microsoft Visual Studio\2019\Community\VC\Tools\MSVC\14.29.30133\include\xutility(4210): message : выполняется компиляция ссылки на экземпляр шаблон функции "_OutIt std::_Copy_unchecked<float*,_OutIt>(_InIt,_InIt,_OutIt)"
          with
          [
              _OutIt=std::back_insert_iterator<std::vector<int,std::allocator<int>>>,
              _InIt=float *
          ]
C:\Users\Alex\Desktop\Home-works-\Different_moments\Dz-4\HW-4\ConsoleApplication1\ConsoleApplication1.cpp(54): message : выполняется компиляция ссылки на экземпляр шаблон функции "_OutIt std::copy<std::_Vector_iterator<std::_Vector_val<std::_Simple_types<_Ty>>>,std::back_insert_iterator<std::vector<int,std::allocator<int>>>>(_InIt,_InIt,_OutIt)"
          with
          [
              _OutIt=std::back_insert_iterator<std::vector<int,std::allocator<int>>>,
              _Ty=float,
              _InIt=std::_Vector_iterator<std::_Vector_val<std::_Simple_types<float>>>
          ]
  ConsoleApplication1.vcxproj -> C:\Users\Alex\Desktop\Home-works-\Different_moments\Dz-4\HW-4\Debug\ConsoleApplication1.exe
